<?xml version="1.0" encoding="UTF-8"?>
<!-- Generated by org.testng.reporters.JUnitReportReporter -->
<testsuite hostname="CAPAGS-EC1801" name="com.expedia.TestProject.TestWebElements" tests="1" failures="0" timestamp="26 Mar 2018 23:14:59 GMT" time="0.267" errors="0">
  <testcase name="test" time="0.267" classname="com.expedia.TestProject.TestWebElements"/>
</testsuite> <!-- com.expedia.TestProject.TestWebElements -->
