<?xml version="1.0" encoding="UTF-8"?>
<!-- Generated by org.testng.reporters.JUnitReportReporter -->
<testsuite skipped="0" hostname="CAPAGS-EC1801" name="testclasses.TestNG_TestParameters" tests="1" failures="0" timestamp="07 feb 2018 18:23:56 GMT" time="0.008" errors="0">
  <testcase name="testMethod1" time="0.008" classname="testclasses.TestNG_TestParameters"/>
</testsuite> <!-- testclasses.TestNG_TestParameters -->
