<?xml version="1.0" encoding="UTF-8"?>
<!-- Generated by org.testng.reporters.JUnitReportReporter -->
<testsuite skipped="0" hostname="CAPAGS-EC1801" name="testclasses.TestAnnotation" tests="3" failures="0" timestamp="06 feb 2018 22:45:05 GMT" time="0.013" errors="0">
  <testcase name="atestMethod2" time="0.009" classname="testclasses.TestAnnotation"/>
  <testcase name="testMethod1" time="0.003" classname="testclasses.TestAnnotation"/>
  <testcase name="testMethod3" time="0.001" classname="testclasses.TestAnnotation"/>
</testsuite> <!-- testclasses.TestAnnotation -->
