<?xml version="1.0" encoding="UTF-8"?>
<!-- Generated by org.testng.reporters.JUnitReportReporter -->
<testsuite skipped="0" hostname="CAPAGS-EC1801" name="testclasses.TestNG_BeforeClassAnnotations" tests="2" failures="0" timestamp="06 feb 2018 23:28:01 GMT" time="0.009" errors="0">
  <testcase name="testMethod1" time="0.007" classname="testclasses.TestNG_BeforeClassAnnotations"/>
  <testcase name="testMethod2" time="0.002" classname="testclasses.TestNG_BeforeClassAnnotations"/>
</testsuite> <!-- testclasses.TestNG_BeforeClassAnnotations -->
