<?xml version="1.0" encoding="UTF-8"?>
<!-- Generated by org.testng.reporters.JUnitReportReporter -->
<testsuite skipped="0" hostname="CAPAGS-EC1801" name="extentreports.Login" tests="1" failures="0" timestamp="28 feb 2018 19:32:07 GMT" time="5.254" errors="0">
  <testcase name="test1_validLoginTest" time="5.254" classname="extentreports.Login"/>
</testsuite> <!-- extentreports.Login -->
