<?xml version="1.0" encoding="UTF-8"?>
<!-- Generated by org.testng.reporters.JUnitReportReporter -->
<testsuite skipped="0" hostname="CAPAGS-EC1801" name="testclasses.TestNG_SeleniumParametersParallelExample" tests="2" failures="0" timestamp="12 feb 2018 22:59:40 GMT" time="5.446" errors="0">
  <testcase name="testLogin" time="1.819" classname="testclasses.TestNG_SeleniumParametersParallelExample"/>
  <testcase name="testLogin" time="3.627" classname="testclasses.TestNG_SeleniumParametersParallelExample"/>
</testsuite> <!-- testclasses.TestNG_SeleniumParametersParallelExample -->
