<?xml version="1.0" encoding="UTF-8"?>
<!-- Generated by org.testng.reporters.JUnitReportReporter -->
<testsuite skipped="0" hostname="CAPAGS-EC1801" name="extendreports.SeleniumLoginTest" tests="1" failures="0" timestamp="28 feb 2018 17:14:58 GMT" time="5.064" errors="0">
  <testcase name="test1_validLoginTest" time="5.064" classname="extendreports.SeleniumLoginTest"/>
</testsuite> <!-- extendreports.SeleniumLoginTest -->
