<?xml version="1.0" encoding="UTF-8"?>
<!-- Generated by org.testng.reporters.JUnitReportReporter -->
<testsuite skipped="0" hostname="CAPAGS-EC1801" name="extendreports.Test1" tests="1" failures="0" timestamp="28 feb 2018 18:38:51 GMT" time="5.074" errors="0">
  <testcase name="test1_validLoginTest" time="5.074" classname="extendreports.Test1"/>
</testsuite> <!-- extendreports.Test1 -->
