<?xml version="1.0" encoding="UTF-8"?>
<!-- Generated by org.testng.reporters.JUnitReportReporter -->
<testsuite skipped="0" hostname="CAPAGS-EC1801" name="testclasses.TestNG_DataProviders" tests="3" failures="0" timestamp="07 feb 2018 20:54:20 GMT" time="0.017" errors="0">
  <testcase name="testMethod1" time="0.004" classname="testclasses.TestNG_DataProviders"/>
  <testcase name="testMethod1" time="0.011" classname="testclasses.TestNG_DataProviders"/>
  <testcase name="testMethod1" time="0.002" classname="testclasses.TestNG_DataProviders"/>
</testsuite> <!-- testclasses.TestNG_DataProviders -->
