<?xml version="1.0" encoding="UTF-8"?>
<!-- Generated by org.testng.reporters.JUnitReportReporter -->
<testsuite skipped="0" hostname="CAPAGS-EC1801" name="testclasses.TestNG_MethodClassAnnotations" tests="2" failures="0" timestamp="12 feb 2018 22:06:17 GMT" time="0.015" errors="0">
  <testcase name="testMethod2" time="0.000" classname="testclasses.TestNG_MethodClassAnnotations"/>
  <testcase name="testMethod1" time="0.015" classname="testclasses.TestNG_MethodClassAnnotations"/>
</testsuite> <!-- testclasses.TestNG_MethodClassAnnotations -->
