<?xml version="1.0" encoding="UTF-8"?>
<!-- Generated by org.testng.reporters.JUnitReportReporter -->
<testsuite skipped="0" hostname="CAPAGS-EC1801" name="testclasses.TestNG_TestParallel2" tests="2" failures="0" timestamp="12 feb 2018 22:55:09 GMT" time="12.038" errors="0">
  <testcase name="testMethod2" time="6.014" classname="testclasses.TestNG_TestParallel2"/>
  <testcase name="testMethod1" time="6.024" classname="testclasses.TestNG_TestParallel2"/>
</testsuite> <!-- testclasses.TestNG_TestParallel2 -->
