<?xml version="1.0" encoding="UTF-8"?>
<!-- Generated by org.testng.reporters.JUnitReportReporter -->
<testsuite skipped="0" hostname="CAPAGS-EC1801" name="testclasses.TestNG_Grouping" tests="2" failures="0" timestamp="12 feb 2018 22:36:51 GMT" time="0.000" errors="0">
  <testcase name="testAudiA6" time="0.000" classname="testclasses.TestNG_Grouping"/>
  <testcase name="testBMWX6" time="0.000" classname="testclasses.TestNG_Grouping"/>
</testsuite> <!-- testclasses.TestNG_Grouping -->
