<?xml version="1.0" encoding="UTF-8"?>
<!-- Generated by org.testng.reporters.JUnitReportReporter -->
<testsuite skipped="1" hostname="CAPAGS-EC1801" name="testclasses.TestNG_EnableTimeout" tests="2" failures="0" timestamp="12 feb 2018 22:42:51 GMT" time="0.219" errors="0">
  <testcase name="testMethod2" time="0.219" classname="testclasses.TestNG_EnableTimeout"/>
  <testcase name="testMethod1" classname="testclasses.TestNG_EnableTimeout">
    <skipped/>
  </testcase> <!-- testMethod1 -->
</testsuite> <!-- testclasses.TestNG_EnableTimeout -->
