<?xml version="1.0" encoding="UTF-8"?>
<!-- Generated by org.testng.reporters.JUnitReportReporter -->
<testsuite skipped="0" hostname="CAPAGS-EC1801" name="testclasses.TestNG_Priority" tests="3" failures="0" timestamp="07 feb 2018 16:55:18 GMT" time="0.014" errors="0">
  <testcase name="testMethod3" time="0.006" classname="testclasses.TestNG_Priority"/>
  <testcase name="testMethod2" time="0.004" classname="testclasses.TestNG_Priority"/>
  <testcase name="testMethod1" time="0.004" classname="testclasses.TestNG_Priority"/>
</testsuite> <!-- testclasses.TestNG_Priority -->
