<?xml version="1.0" encoding="UTF-8"?>
<!-- Generated by org.testng.reporters.JUnitReportReporter -->
<testsuite skipped="0" hostname="CAPAGS-EC1801" name="extendreports.Test2" tests="1" failures="0" timestamp="28 feb 2018 18:38:51 GMT" time="0.003" errors="0">
  <testcase name="testMethod" time="0.003" classname="extendreports.Test2"/>
</testsuite> <!-- extendreports.Test2 -->
