<?xml version="1.0" encoding="UTF-8"?>
<!-- Generated by org.testng.reporters.JUnitReportReporter -->
<testsuite skipped="0" hostname="CAPAGS-EC1801" name="extentreports.Test2" tests="1" failures="0" timestamp="28 feb 2018 18:57:42 GMT" time="0.002" errors="0">
  <testcase name="testMethod" time="0.002" classname="extentreports.Test2"/>
</testsuite> <!-- extentreports.Test2 -->
