<?xml version="1.0" encoding="UTF-8"?>
<!-- Generated by org.testng.reporters.JUnitReportReporter -->
<testsuite skipped="0" hostname="CAPAGS-EC1801" name="regressionsuite.TestNG_TestClass2" tests="2" failures="0" timestamp="12 feb 2018 22:25:31 GMT" time="0.017" errors="0">
  <testcase name="testMethod2" time="0.017" classname="regressionsuite.TestNG_TestClass2"/>
  <testcase name="testMethod1" time="0.000" classname="regressionsuite.TestNG_TestClass2"/>
</testsuite> <!-- regressionsuite.TestNG_TestClass2 -->
